2025-09-22 23:05:41.668 [trace] Sending request 'initialize - (0)'.
2025-09-22 23:05:42.127 [trace] Received response 'initialize - (0)' in 720ms.
2025-09-22 23:05:42.129 [trace] Sending notification 'initialized'.
2025-09-22 23:05:42.171 [trace] Sending notification 'textDocument/didOpen'.
2025-09-22 23:05:42.171 [trace] Sending notification 'workspace/didChangeConfiguration'.
2025-09-22 23:05:42.230 [trace] Received request 'workspace/diagnostic/refresh - (0)'.
2025-09-22 23:05:42.232 [trace] Sending response 'workspace/diagnostic/refresh - (0)'. Processing request took 0ms
2025-09-22 23:05:42.259 [trace] Sending notification 'json/schemaAssociations'.
2025-09-22 23:05:42.326 [trace] Received request 'workspace/diagnostic/refresh - (1)'.
2025-09-22 23:05:42.337 [trace] Sending response 'workspace/diagnostic/refresh - (1)'. Processing request took 0ms
2025-09-22 23:05:42.751 [trace] Sending notification 'textDocument/didOpen'.
2025-09-22 23:05:42.809 [trace] Sending notification 'textDocument/didOpen'.
2025-09-22 23:05:43.022 [trace] Sending notification 'textDocument/didOpen'.
2025-09-22 23:05:43.142 [trace] Sending notification 'textDocument/didOpen'.
2025-09-22 23:05:43.331 [trace] Sending notification 'textDocument/didOpen'.
2025-09-22 23:05:43.389 [trace] Sending notification 'textDocument/didOpen'.
2025-09-22 23:05:43.634 [trace] Sending notification 'textDocument/didOpen'.
2025-09-22 23:05:43.824 [trace] Sending notification 'textDocument/didOpen'.
2025-09-22 23:05:43.962 [trace] Sending notification 'textDocument/didOpen'.
2025-09-22 23:05:44.727 [trace] Sending notification 'textDocument/didOpen'.
2025-09-22 23:05:44.846 [trace] Sending notification 'textDocument/didOpen'.
2025-09-22 23:05:44.984 [trace] Sending notification 'textDocument/didOpen'.
2025-09-22 23:05:45.061 [trace] Sending notification 'textDocument/didOpen'.
2025-09-22 23:05:45.221 [trace] Sending notification 'textDocument/didOpen'.
2025-09-22 23:05:45.331 [trace] Sending notification 'textDocument/didOpen'.
2025-09-22 23:05:45.414 [trace] Sending notification 'textDocument/didOpen'.
2025-09-22 23:05:45.512 [trace] Sending notification 'textDocument/didOpen'.
2025-09-22 23:05:46.354 [trace] Sending notification 'textDocument/didOpen'.
2025-09-22 23:05:46.472 [trace] Sending notification 'textDocument/didOpen'.
2025-09-22 23:06:34.021 [trace] Sending notification 'textDocument/didOpen'.
2025-09-22 23:06:34.029 [trace] Sending notification 'textDocument/didClose'.
2025-09-22 23:07:05.719 [trace] Sending notification 'workspace/didChangeWatchedFiles'.
2025-09-22 23:07:09.062 [trace] Sending notification 'workspace/didChangeWatchedFiles'.
2025-09-22 23:07:11.538 [trace] Sending notification 'workspace/didChangeWatchedFiles'.
