2025-09-22 22:55:47.031 [info] Reading sessions from keychain...
2025-09-22 22:55:47.031 [info] Getting sessions for all scopes...
2025-09-22 22:55:47.031 [info] Got 0 sessions for ...
2025-09-22 22:55:47.031 [info] Getting sessions for all scopes...
2025-09-22 22:55:47.031 [info] Got 0 sessions for ...
2025-09-22 22:55:47.031 [info] Getting sessions for all scopes...
2025-09-22 22:55:47.031 [info] Got 0 sessions for ...
2025-09-22 22:55:47.031 [info] Getting sessions for all scopes...
2025-09-22 22:55:47.031 [info] Got 0 sessions for ...
2025-09-22 22:55:47.031 [info] Getting sessions for all scopes...
2025-09-22 22:55:47.031 [info] Got 0 sessions for ...
2025-09-22 22:55:47.031 [info] Getting sessions for all scopes...
2025-09-22 22:55:47.031 [info] Got 0 sessions for ...
2025-09-22 22:55:47.031 [info] Getting sessions for all scopes...
2025-09-22 22:55:47.031 [info] Got 0 sessions for ...
2025-09-22 22:55:47.031 [info] Getting sessions for all scopes...
2025-09-22 22:55:47.031 [info] Got 0 sessions for ...
2025-09-22 22:55:47.326 [info] Getting sessions for all scopes...
2025-09-22 22:55:47.327 [info] Got 0 sessions for ...
2025-09-22 22:55:47.331 [info] Getting sessions for all scopes...
2025-09-22 22:55:47.331 [info] Got 0 sessions for ...
2025-09-22 22:55:47.338 [info] Getting sessions for all scopes...
2025-09-22 22:55:47.338 [info] Got 0 sessions for ...
2025-09-22 22:55:47.338 [info] Getting sessions for all scopes...
2025-09-22 22:55:47.338 [info] Got 0 sessions for ...
2025-09-22 22:55:47.339 [info] Getting sessions for all scopes...
2025-09-22 22:55:47.339 [info] Got 0 sessions for ...
2025-09-22 22:55:47.339 [info] Getting sessions for all scopes...
2025-09-22 22:55:47.339 [info] Got 0 sessions for ...
2025-09-22 22:55:47.578 [info] Getting sessions for all scopes...
2025-09-22 22:55:47.578 [info] Got 0 sessions for ...
2025-09-22 22:55:48.015 [info] Getting sessions for all scopes...
2025-09-22 22:55:48.015 [info] Got 0 sessions for ...
2025-09-22 22:55:48.015 [info] Getting sessions for all scopes...
2025-09-22 22:55:48.015 [info] Got 0 sessions for ...
2025-09-22 22:55:48.023 [info] Getting sessions for all scopes...
2025-09-22 22:55:48.023 [info] Got 0 sessions for ...
2025-09-22 22:56:25.139 [info] Getting sessions for read:user,repo,user:email,workflow...
2025-09-22 22:56:25.139 [info] Got 0 sessions for read:user,repo,user:email,workflow...
