2025-09-22 23:02:54.289 [info] Reading sessions from keychain...
2025-09-22 23:02:54.289 [info] Getting sessions for all scopes...
2025-09-22 23:02:54.289 [info] Got 0 sessions for ...
2025-09-22 23:02:54.289 [info] Getting sessions for all scopes...
2025-09-22 23:02:54.289 [info] Got 0 sessions for ...
2025-09-22 23:02:54.289 [info] Getting sessions for all scopes...
2025-09-22 23:02:54.289 [info] Got 0 sessions for ...
2025-09-22 23:02:54.289 [info] Getting sessions for all scopes...
2025-09-22 23:02:54.289 [info] Got 0 sessions for ...
2025-09-22 23:02:54.289 [info] Getting sessions for all scopes...
2025-09-22 23:02:54.289 [info] Got 0 sessions for ...
2025-09-22 23:02:54.289 [info] Getting sessions for all scopes...
2025-09-22 23:02:54.289 [info] Got 0 sessions for ...
2025-09-22 23:02:54.289 [info] Getting sessions for all scopes...
2025-09-22 23:02:54.289 [info] Got 0 sessions for ...
2025-09-22 23:02:54.289 [info] Getting sessions for all scopes...
2025-09-22 23:02:54.289 [info] Got 0 sessions for ...
2025-09-22 23:02:54.289 [info] Getting sessions for all scopes...
2025-09-22 23:02:54.289 [info] Got 0 sessions for ...
2025-09-22 23:02:54.289 [info] Getting sessions for all scopes...
2025-09-22 23:02:54.289 [info] Got 0 sessions for ...
2025-09-22 23:02:54.289 [info] Getting sessions for all scopes...
2025-09-22 23:02:54.289 [info] Got 0 sessions for ...
2025-09-22 23:02:54.289 [info] Getting sessions for all scopes...
2025-09-22 23:02:54.289 [info] Got 0 sessions for ...
2025-09-22 23:02:54.289 [info] Getting sessions for all scopes...
2025-09-22 23:02:54.289 [info] Got 0 sessions for ...
2025-09-22 23:02:54.289 [info] Getting sessions for all scopes...
2025-09-22 23:02:54.289 [info] Got 0 sessions for ...
2025-09-22 23:02:54.289 [info] Getting sessions for all scopes...
2025-09-22 23:02:54.289 [info] Got 0 sessions for ...
2025-09-22 23:02:54.289 [info] Getting sessions for all scopes...
2025-09-22 23:02:54.289 [info] Got 0 sessions for ...
2025-09-22 23:02:54.289 [info] Getting sessions for all scopes...
2025-09-22 23:02:54.289 [info] Got 0 sessions for ...
2025-09-22 23:02:54.289 [info] Getting sessions for all scopes...
2025-09-22 23:02:54.289 [info] Got 0 sessions for ...
2025-09-22 23:02:54.289 [info] Getting sessions for all scopes...
2025-09-22 23:02:54.289 [info] Got 0 sessions for ...
2025-09-22 23:02:54.289 [info] Getting sessions for all scopes...
2025-09-22 23:02:54.289 [info] Got 0 sessions for ...
2025-09-22 23:02:54.289 [info] Getting sessions for all scopes...
2025-09-22 23:02:54.289 [info] Got 0 sessions for ...
2025-09-22 23:02:54.289 [info] Getting sessions for user:email...
2025-09-22 23:02:54.289 [info] Got 0 sessions for user:email...
2025-09-22 23:02:54.289 [info] Getting sessions for read:user,repo,user:email,workflow...
2025-09-22 23:02:54.289 [info] Got 0 sessions for read:user,repo,user:email,workflow...
2025-09-22 23:02:54.308 [info] Getting sessions for all scopes...
2025-09-22 23:02:54.308 [info] Got 0 sessions for ...
2025-09-22 23:03:00.604 [info] Getting sessions for all scopes...
2025-09-22 23:03:00.604 [info] Got 0 sessions for ...
2025-09-22 23:03:01.318 [info] Getting sessions for user:email...
2025-09-22 23:03:01.318 [info] Got 0 sessions for user:email...
2025-09-22 23:03:02.881 [info] Getting sessions for all scopes...
2025-09-22 23:03:02.881 [info] Got 0 sessions for ...
2025-09-22 23:03:02.881 [info] Getting sessions for all scopes...
2025-09-22 23:03:02.881 [info] Got 0 sessions for ...
2025-09-22 23:03:02.899 [info] Getting sessions for all scopes...
2025-09-22 23:03:02.899 [info] Got 0 sessions for ...
2025-09-22 23:03:02.900 [info] Getting sessions for read:user,repo,user:email,workflow...
2025-09-22 23:03:02.900 [info] Got 0 sessions for read:user,repo,user:email,workflow...
2025-09-22 23:03:03.187 [info] Getting sessions for all scopes...
2025-09-22 23:03:03.187 [info] Got 0 sessions for ...
2025-09-22 23:03:03.219 [info] Getting sessions for user:email...
2025-09-22 23:03:03.219 [info] Got 0 sessions for user:email...
2025-09-22 23:03:03.227 [info] Getting sessions for read:user...
2025-09-22 23:03:03.227 [info] Got 0 sessions for read:user...
2025-09-22 23:03:03.350 [info] Getting sessions for all scopes...
2025-09-22 23:03:03.350 [info] Got 0 sessions for ...
2025-09-22 23:03:03.381 [info] Getting sessions for all scopes...
2025-09-22 23:03:03.381 [info] Got 0 sessions for ...
2025-09-22 23:03:03.382 [info] Getting sessions for user:email...
2025-09-22 23:03:03.382 [info] Got 0 sessions for user:email...
2025-09-22 23:03:03.492 [info] Getting sessions for user:email...
2025-09-22 23:03:03.492 [info] Got 0 sessions for user:email...
2025-09-22 23:03:03.639 [info] Getting sessions for all scopes...
2025-09-22 23:03:03.639 [info] Got 0 sessions for ...
2025-09-22 23:03:03.963 [info] Getting sessions for read:user,repo,user:email,workflow...
2025-09-22 23:03:03.963 [info] Got 0 sessions for read:user,repo,user:email,workflow...
2025-09-22 23:03:04.057 [info] Getting sessions for user:email...
2025-09-22 23:03:04.057 [info] Got 0 sessions for user:email...
2025-09-22 23:03:04.145 [info] Getting sessions for all scopes...
2025-09-22 23:03:04.145 [info] Got 0 sessions for ...
2025-09-22 23:03:04.150 [info] Getting sessions for all scopes...
2025-09-22 23:03:04.150 [info] Got 0 sessions for ...
2025-09-22 23:03:31.743 [info] Logging in with 'any' account...
2025-09-22 23:03:31.743 [info] Logging in for the following scopes: user:email
2025-09-22 23:03:32.030 [info] Trying with local server... (user:email)
2025-09-22 23:04:41.682 [error] User Cancelled
