2025-09-22 23:09:08.988 [info] Reading sessions from keychain...
2025-09-22 23:09:08.988 [info] Getting sessions for all scopes...
2025-09-22 23:09:08.988 [info] Got 0 sessions for ...
2025-09-22 23:09:08.988 [info] Getting sessions for all scopes...
2025-09-22 23:09:08.988 [info] Got 0 sessions for ...
2025-09-22 23:09:08.988 [info] Getting sessions for all scopes...
2025-09-22 23:09:08.988 [info] Got 0 sessions for ...
2025-09-22 23:09:08.988 [info] Getting sessions for all scopes...
2025-09-22 23:09:08.988 [info] Got 0 sessions for ...
2025-09-22 23:09:08.988 [info] Getting sessions for all scopes...
2025-09-22 23:09:08.988 [info] Got 0 sessions for ...
2025-09-22 23:09:08.988 [info] Getting sessions for all scopes...
2025-09-22 23:09:08.988 [info] Got 0 sessions for ...
2025-09-22 23:09:08.988 [info] Getting sessions for all scopes...
2025-09-22 23:09:08.988 [info] Got 0 sessions for ...
2025-09-22 23:09:08.988 [info] Getting sessions for all scopes...
2025-09-22 23:09:08.988 [info] Got 0 sessions for ...
2025-09-22 23:09:08.988 [info] Getting sessions for all scopes...
2025-09-22 23:09:08.988 [info] Got 0 sessions for ...
2025-09-22 23:09:08.988 [info] Getting sessions for all scopes...
2025-09-22 23:09:08.988 [info] Got 0 sessions for ...
2025-09-22 23:09:08.988 [info] Getting sessions for all scopes...
2025-09-22 23:09:08.988 [info] Got 0 sessions for ...
2025-09-22 23:09:08.988 [info] Getting sessions for all scopes...
2025-09-22 23:09:08.988 [info] Got 0 sessions for ...
2025-09-22 23:09:08.988 [info] Getting sessions for all scopes...
2025-09-22 23:09:08.988 [info] Got 0 sessions for ...
2025-09-22 23:09:08.988 [info] Getting sessions for all scopes...
2025-09-22 23:09:08.988 [info] Got 0 sessions for ...
2025-09-22 23:09:08.988 [info] Getting sessions for all scopes...
2025-09-22 23:09:08.988 [info] Got 0 sessions for ...
2025-09-22 23:09:08.988 [info] Getting sessions for all scopes...
2025-09-22 23:09:08.988 [info] Got 0 sessions for ...
2025-09-22 23:09:08.988 [info] Getting sessions for all scopes...
2025-09-22 23:09:08.988 [info] Got 0 sessions for ...
2025-09-22 23:09:08.988 [info] Getting sessions for all scopes...
2025-09-22 23:09:08.988 [info] Got 0 sessions for ...
2025-09-22 23:09:08.988 [info] Getting sessions for all scopes...
2025-09-22 23:09:08.988 [info] Got 0 sessions for ...
2025-09-22 23:09:08.988 [info] Getting sessions for all scopes...
2025-09-22 23:09:08.988 [info] Got 0 sessions for ...
2025-09-22 23:09:08.988 [info] Getting sessions for all scopes...
2025-09-22 23:09:08.988 [info] Got 0 sessions for ...
2025-09-22 23:09:08.989 [info] Getting sessions for user:email...
2025-09-22 23:09:08.989 [info] Got 0 sessions for user:email...
2025-09-22 23:09:08.989 [info] Getting sessions for read:user,repo,user:email,workflow...
2025-09-22 23:09:08.989 [info] Got 0 sessions for read:user,repo,user:email,workflow...
2025-09-22 23:09:09.049 [info] Getting sessions for all scopes...
2025-09-22 23:09:09.049 [info] Got 0 sessions for ...
2025-09-22 23:09:15.031 [info] Getting sessions for all scopes...
2025-09-22 23:09:15.031 [info] Got 0 sessions for ...
2025-09-22 23:09:15.690 [info] Getting sessions for user:email...
2025-09-22 23:09:15.690 [info] Got 0 sessions for user:email...
2025-09-22 23:09:17.358 [info] Getting sessions for all scopes...
2025-09-22 23:09:17.358 [info] Got 0 sessions for ...
2025-09-22 23:09:17.358 [info] Getting sessions for all scopes...
2025-09-22 23:09:17.358 [info] Got 0 sessions for ...
2025-09-22 23:09:18.353 [info] Getting sessions for all scopes...
2025-09-22 23:09:18.353 [info] Got 0 sessions for ...
2025-09-22 23:09:18.354 [info] Getting sessions for read:user,repo,user:email,workflow...
2025-09-22 23:09:18.354 [info] Got 0 sessions for read:user,repo,user:email,workflow...
2025-09-22 23:09:18.355 [info] Getting sessions for user:email...
2025-09-22 23:09:18.355 [info] Got 0 sessions for user:email...
2025-09-22 23:09:18.505 [info] Getting sessions for all scopes...
2025-09-22 23:09:18.505 [info] Got 0 sessions for ...
2025-09-22 23:09:18.844 [info] Getting sessions for read:user...
2025-09-22 23:09:18.844 [info] Got 0 sessions for read:user...
2025-09-22 23:09:18.845 [info] Getting sessions for all scopes...
2025-09-22 23:09:18.845 [info] Got 0 sessions for ...
2025-09-22 23:09:18.845 [info] Getting sessions for all scopes...
2025-09-22 23:09:18.845 [info] Got 0 sessions for ...
2025-09-22 23:09:18.973 [info] Getting sessions for user:email...
2025-09-22 23:09:18.973 [info] Got 0 sessions for user:email...
2025-09-22 23:09:18.974 [info] Getting sessions for user:email...
2025-09-22 23:09:18.974 [info] Got 0 sessions for user:email...
2025-09-22 23:09:19.171 [info] Getting sessions for read:user,repo,user:email,workflow...
2025-09-22 23:09:19.171 [info] Got 0 sessions for read:user,repo,user:email,workflow...
2025-09-22 23:09:19.319 [info] Getting sessions for all scopes...
2025-09-22 23:09:19.319 [info] Got 0 sessions for ...
2025-09-22 23:09:19.406 [info] Getting sessions for user:email...
2025-09-22 23:09:19.406 [info] Got 0 sessions for user:email...
2025-09-22 23:09:19.874 [info] Getting sessions for all scopes...
2025-09-22 23:09:19.874 [info] Got 0 sessions for ...
2025-09-22 23:09:19.915 [info] Getting sessions for all scopes...
2025-09-22 23:09:19.915 [info] Got 0 sessions for ...
2025-09-22 23:09:20.837 [info] Logging in with google,  'any' account...
2025-09-22 23:09:20.837 [info] Logging in for the following scopes: user:email
2025-09-22 23:09:21.119 [info] Trying with local server... (user:email)
