2025-09-22 23:17:45.828 [info] Reading sessions from keychain...
2025-09-22 23:17:45.828 [info] Getting sessions for all scopes...
2025-09-22 23:17:45.828 [info] Got 0 sessions for ...
2025-09-22 23:17:45.828 [info] Getting sessions for all scopes...
2025-09-22 23:17:45.828 [info] Got 0 sessions for ...
2025-09-22 23:17:45.828 [info] Getting sessions for all scopes...
2025-09-22 23:17:45.828 [info] Got 0 sessions for ...
2025-09-22 23:17:45.828 [info] Getting sessions for all scopes...
2025-09-22 23:17:45.828 [info] Got 0 sessions for ...
2025-09-22 23:17:45.828 [info] Getting sessions for all scopes...
2025-09-22 23:17:45.828 [info] Got 0 sessions for ...
2025-09-22 23:17:45.828 [info] Getting sessions for all scopes...
2025-09-22 23:17:45.828 [info] Got 0 sessions for ...
2025-09-22 23:17:45.828 [info] Getting sessions for all scopes...
2025-09-22 23:17:45.828 [info] Got 0 sessions for ...
2025-09-22 23:17:45.828 [info] Getting sessions for all scopes...
2025-09-22 23:17:45.828 [info] Got 0 sessions for ...
2025-09-22 23:17:45.828 [info] Getting sessions for all scopes...
2025-09-22 23:17:45.828 [info] Got 0 sessions for ...
2025-09-22 23:17:45.828 [info] Getting sessions for all scopes...
2025-09-22 23:17:45.828 [info] Got 0 sessions for ...
2025-09-22 23:17:45.828 [info] Getting sessions for all scopes...
2025-09-22 23:17:45.828 [info] Got 0 sessions for ...
2025-09-22 23:17:45.828 [info] Getting sessions for all scopes...
2025-09-22 23:17:45.828 [info] Got 0 sessions for ...
2025-09-22 23:17:45.828 [info] Getting sessions for all scopes...
2025-09-22 23:17:45.828 [info] Got 0 sessions for ...
2025-09-22 23:17:45.828 [info] Getting sessions for all scopes...
2025-09-22 23:17:45.828 [info] Got 0 sessions for ...
2025-09-22 23:17:45.828 [info] Getting sessions for all scopes...
2025-09-22 23:17:45.828 [info] Got 0 sessions for ...
2025-09-22 23:17:45.828 [info] Getting sessions for all scopes...
2025-09-22 23:17:45.828 [info] Got 0 sessions for ...
2025-09-22 23:17:45.828 [info] Getting sessions for all scopes...
2025-09-22 23:17:45.828 [info] Got 0 sessions for ...
2025-09-22 23:17:45.828 [info] Getting sessions for all scopes...
2025-09-22 23:17:45.828 [info] Got 0 sessions for ...
2025-09-22 23:17:45.828 [info] Getting sessions for all scopes...
2025-09-22 23:17:45.828 [info] Got 0 sessions for ...
2025-09-22 23:17:45.828 [info] Getting sessions for all scopes...
2025-09-22 23:17:45.828 [info] Got 0 sessions for ...
2025-09-22 23:17:45.828 [info] Getting sessions for user:email...
2025-09-22 23:17:45.828 [info] Got 0 sessions for user:email...
2025-09-22 23:17:45.828 [info] Getting sessions for read:user,repo,user:email,workflow...
2025-09-22 23:17:45.828 [info] Got 0 sessions for read:user,repo,user:email,workflow...
2025-09-22 23:17:45.888 [info] Getting sessions for all scopes...
2025-09-22 23:17:45.888 [info] Got 0 sessions for ...
2025-09-22 23:17:51.388 [info] Getting sessions for all scopes...
2025-09-22 23:17:51.388 [info] Got 0 sessions for ...
2025-09-22 23:17:51.482 [info] Getting sessions for user:email...
2025-09-22 23:17:51.482 [info] Got 0 sessions for user:email...
2025-09-22 23:17:52.272 [info] Getting sessions for all scopes...
2025-09-22 23:17:52.272 [info] Got 0 sessions for ...
2025-09-22 23:17:52.272 [info] Getting sessions for all scopes...
2025-09-22 23:17:52.272 [info] Got 0 sessions for ...
2025-09-22 23:17:53.355 [info] Getting sessions for all scopes...
2025-09-22 23:17:53.356 [info] Got 0 sessions for ...
2025-09-22 23:17:53.370 [info] Getting sessions for read:user,repo,user:email,workflow...
2025-09-22 23:17:53.370 [info] Got 0 sessions for read:user,repo,user:email,workflow...
2025-09-22 23:17:53.619 [info] Getting sessions for user:email...
2025-09-22 23:17:53.619 [info] Got 0 sessions for user:email...
2025-09-22 23:17:53.619 [info] Getting sessions for all scopes...
2025-09-22 23:17:53.619 [info] Got 0 sessions for ...
2025-09-22 23:17:53.990 [info] Getting sessions for read:user...
2025-09-22 23:17:53.990 [info] Got 0 sessions for read:user...
2025-09-22 23:17:54.042 [info] Getting sessions for all scopes...
2025-09-22 23:17:54.042 [info] Got 0 sessions for ...
2025-09-22 23:17:54.044 [info] Getting sessions for all scopes...
2025-09-22 23:17:54.044 [info] Got 0 sessions for ...
2025-09-22 23:17:54.088 [info] Getting sessions for user:email...
2025-09-22 23:17:54.088 [info] Got 0 sessions for user:email...
2025-09-22 23:17:54.171 [info] Getting sessions for user:email...
2025-09-22 23:17:54.171 [info] Got 0 sessions for user:email...
2025-09-22 23:17:54.358 [info] Getting sessions for all scopes...
2025-09-22 23:17:54.358 [info] Got 0 sessions for ...
2025-09-22 23:17:54.818 [info] Getting sessions for read:user,repo,user:email,workflow...
2025-09-22 23:17:54.818 [info] Got 0 sessions for read:user,repo,user:email,workflow...
2025-09-22 23:17:54.818 [info] Getting sessions for user:email...
2025-09-22 23:17:54.818 [info] Got 0 sessions for user:email...
2025-09-22 23:17:55.015 [info] Getting sessions for all scopes...
2025-09-22 23:17:55.015 [info] Got 0 sessions for ...
2025-09-22 23:17:55.017 [info] Getting sessions for all scopes...
2025-09-22 23:17:55.017 [info] Got 0 sessions for ...
