2025-09-22 23:05:33.041 [info] Reading sessions from keychain...
2025-09-22 23:05:33.041 [info] Getting sessions for all scopes...
2025-09-22 23:05:33.041 [info] Got 0 sessions for ...
2025-09-22 23:05:33.041 [info] Getting sessions for all scopes...
2025-09-22 23:05:33.041 [info] Got 0 sessions for ...
2025-09-22 23:05:33.041 [info] Getting sessions for all scopes...
2025-09-22 23:05:33.041 [info] Got 0 sessions for ...
2025-09-22 23:05:33.041 [info] Getting sessions for all scopes...
2025-09-22 23:05:33.041 [info] Got 0 sessions for ...
2025-09-22 23:05:33.041 [info] Getting sessions for all scopes...
2025-09-22 23:05:33.041 [info] Got 0 sessions for ...
2025-09-22 23:05:33.041 [info] Getting sessions for all scopes...
2025-09-22 23:05:33.041 [info] Got 0 sessions for ...
2025-09-22 23:05:33.041 [info] Getting sessions for all scopes...
2025-09-22 23:05:33.041 [info] Got 0 sessions for ...
2025-09-22 23:05:33.041 [info] Getting sessions for all scopes...
2025-09-22 23:05:33.041 [info] Got 0 sessions for ...
2025-09-22 23:05:33.041 [info] Getting sessions for all scopes...
2025-09-22 23:05:33.041 [info] Got 0 sessions for ...
2025-09-22 23:05:33.041 [info] Getting sessions for all scopes...
2025-09-22 23:05:33.041 [info] Got 0 sessions for ...
2025-09-22 23:05:33.041 [info] Getting sessions for all scopes...
2025-09-22 23:05:33.041 [info] Got 0 sessions for ...
2025-09-22 23:05:33.041 [info] Getting sessions for all scopes...
2025-09-22 23:05:33.041 [info] Got 0 sessions for ...
2025-09-22 23:05:33.041 [info] Getting sessions for all scopes...
2025-09-22 23:05:33.041 [info] Got 0 sessions for ...
2025-09-22 23:05:33.041 [info] Getting sessions for all scopes...
2025-09-22 23:05:33.041 [info] Got 0 sessions for ...
2025-09-22 23:05:33.041 [info] Getting sessions for all scopes...
2025-09-22 23:05:33.041 [info] Got 0 sessions for ...
2025-09-22 23:05:33.041 [info] Getting sessions for all scopes...
2025-09-22 23:05:33.041 [info] Got 0 sessions for ...
2025-09-22 23:05:33.041 [info] Getting sessions for all scopes...
2025-09-22 23:05:33.041 [info] Got 0 sessions for ...
2025-09-22 23:05:33.041 [info] Getting sessions for all scopes...
2025-09-22 23:05:33.041 [info] Got 0 sessions for ...
2025-09-22 23:05:33.041 [info] Getting sessions for all scopes...
2025-09-22 23:05:33.041 [info] Got 0 sessions for ...
2025-09-22 23:05:33.041 [info] Getting sessions for all scopes...
2025-09-22 23:05:33.041 [info] Got 0 sessions for ...
2025-09-22 23:05:33.041 [info] Getting sessions for user:email...
2025-09-22 23:05:33.041 [info] Got 0 sessions for user:email...
2025-09-22 23:05:33.041 [info] Getting sessions for read:user,repo,user:email,workflow...
2025-09-22 23:05:33.041 [info] Got 0 sessions for read:user,repo,user:email,workflow...
2025-09-22 23:05:33.321 [info] Getting sessions for all scopes...
2025-09-22 23:05:33.321 [info] Got 0 sessions for ...
2025-09-22 23:05:37.239 [info] Getting sessions for all scopes...
2025-09-22 23:05:37.239 [info] Got 0 sessions for ...
2025-09-22 23:05:37.552 [info] Getting sessions for user:email...
2025-09-22 23:05:37.552 [info] Got 0 sessions for user:email...
2025-09-22 23:05:38.128 [info] Getting sessions for all scopes...
2025-09-22 23:05:38.128 [info] Got 0 sessions for ...
2025-09-22 23:05:38.130 [info] Getting sessions for all scopes...
2025-09-22 23:05:38.130 [info] Got 0 sessions for ...
2025-09-22 23:05:39.786 [info] Getting sessions for user:email...
2025-09-22 23:05:39.786 [info] Got 0 sessions for user:email...
2025-09-22 23:05:39.787 [info] Getting sessions for all scopes...
2025-09-22 23:05:39.787 [info] Got 0 sessions for ...
2025-09-22 23:05:39.789 [info] Getting sessions for read:user,repo,user:email,workflow...
2025-09-22 23:05:39.789 [info] Got 0 sessions for read:user,repo,user:email,workflow...
2025-09-22 23:05:39.794 [info] Getting sessions for read:user,repo,user:email,workflow...
2025-09-22 23:05:39.794 [info] Got 0 sessions for read:user,repo,user:email,workflow...
2025-09-22 23:05:39.993 [info] Getting sessions for all scopes...
2025-09-22 23:05:40.003 [info] Got 0 sessions for ...
2025-09-22 23:05:40.082 [info] Getting sessions for all scopes...
2025-09-22 23:05:40.082 [info] Got 0 sessions for ...
2025-09-22 23:05:40.084 [info] Getting sessions for all scopes...
2025-09-22 23:05:40.084 [info] Got 0 sessions for ...
2025-09-22 23:05:40.151 [info] Getting sessions for read:user...
2025-09-22 23:05:40.151 [info] Got 0 sessions for read:user...
2025-09-22 23:05:40.159 [info] Getting sessions for user:email...
2025-09-22 23:05:40.159 [info] Got 0 sessions for user:email...
2025-09-22 23:05:40.298 [info] Getting sessions for user:email...
2025-09-22 23:05:40.298 [info] Got 0 sessions for user:email...
2025-09-22 23:05:40.509 [info] Getting sessions for all scopes...
2025-09-22 23:05:40.509 [info] Got 0 sessions for ...
2025-09-22 23:05:40.922 [info] Getting sessions for user:email...
2025-09-22 23:05:40.922 [info] Got 0 sessions for user:email...
2025-09-22 23:05:41.417 [info] Getting sessions for all scopes...
2025-09-22 23:05:41.417 [info] Got 0 sessions for ...
2025-09-22 23:05:41.507 [info] Getting sessions for all scopes...
2025-09-22 23:05:41.507 [info] Got 0 sessions for ...
2025-09-22 23:06:34.144 [info] Logging in with 'any' account...
2025-09-22 23:06:34.144 [info] Logging in for the following scopes: user:email
2025-09-22 23:06:34.285 [info] Trying with local server... (user:email)
