Locating server…
Booting server...
Setting up server…
Listening for messages…
Searching for Tailwind CSS projects in the workspace's folders.
hoist-at-import: The file '/root/altamedica-reboot/apps/patients/src/app/globals.css' contains @import rules after other at rules. This is invalid CSS and may cause problems with your build.
hoist-at-import: The file '/root/altamedica-reboot/apps/web-app/src/app/globals.css' contains @import rules after other at rules. This is invalid CSS and may cause problems with your build.
{"tailwind":{"version":"3.4.17","features":["layer:base","separator:root","content-list","jit","css-at-config-as-project","relative-content-paths","transpiled-configs"],"isDefaultVersion":false},"path":"/root/altamedica-reboot/apps/companies/tailwind.config.ts"}
{"tailwind":{"version":"3.4.17","features":["layer:base","separator:root","content-list","jit","css-at-config-as-project","relative-content-paths","transpiled-configs"],"isDefaultVersion":false},"path":"/root/altamedica-reboot/apps/companies/src/app/globals.css"}
{"tailwind":{"version":"3.4.17","features":["layer:base","separator:root","content-list","jit","css-at-config-as-project","relative-content-paths","transpiled-configs"],"isDefaultVersion":false},"path":"/root/altamedica-reboot/apps/doctors/tailwind.config.ts"}
{"tailwind":{"version":"3.4.17","features":["layer:base","separator:root","content-list","jit","css-at-config-as-project","relative-content-paths","transpiled-configs"],"isDefaultVersion":false},"path":"/root/altamedica-reboot/apps/doctors/src/app/globals.css"}
{"tailwind":{"version":"3.4.17","features":["layer:base","separator:root","content-list","jit","css-at-config-as-project","relative-content-paths","transpiled-configs"],"isDefaultVersion":false},"path":"/root/altamedica-reboot/apps/patients/src/app/globals.css"}
{"tailwind":{"version":"3.4.17","features":["layer:base","separator:root","content-list","jit","css-at-config-as-project","relative-content-paths","transpiled-configs"],"isDefaultVersion":false},"path":"/root/altamedica-reboot/apps/patients/tailwind.config.ts"}
{"tailwind":{"version":"3.4.17","features":["layer:base","separator:root","content-list","jit","css-at-config-as-project","relative-content-paths","transpiled-configs"],"isDefaultVersion":false},"path":"/root/altamedica-reboot/apps/web-app/tailwind.config.ts"}
{"tailwind":{"version":"3.4.17","features":["layer:base","separator:root","content-list","jit","css-at-config-as-project","relative-content-paths","transpiled-configs"],"isDefaultVersion":false},"path":"/root/altamedica-reboot/apps/web-app/src/app/globals.css"}
[Global] Creating projects: [{"folder":"/root/altamedica-reboot","config":"/root/altamedica-reboot/apps/companies/tailwind.config.ts","selectors":[{"pattern":"/root/altamedica-reboot/apps/companies/tailwind.config.ts","priority":0},{"pattern":"/root/altamedica-reboot/apps/companies/**","priority":3}],"user":false,"tailwind":{"version":"3.4.17","features":["layer:base","separator:root","content-list","jit","css-at-config-as-project","relative-content-paths","transpiled-configs"],"isDefaultVersion":false}},{"folder":"/root/altamedica-reboot","config":"/root/altamedica-reboot/apps/doctors/tailwind.config.ts","selectors":[{"pattern":"/root/altamedica-reboot/apps/doctors/tailwind.config.ts","priority":0},{"pattern":"/root/altamedica-reboot/apps/doctors/**","priority":3}],"user":false,"tailwind":{"version":"3.4.17","features":["layer:base","separator:root","content-list","jit","css-at-config-as-project","relative-content-paths","transpiled-configs"],"isDefaultVersion":false}},{"folder":"/root/altamedica-reboot","config":"/root/altamedica-reboot/apps/patients/tailwind.config.ts","selectors":[{"pattern":"/root/altamedica-reboot/apps/patients/tailwind.config.ts","priority":0},{"pattern":"/root/altamedica-reboot/apps/patients/**","priority":3}],"user":false,"tailwind":{"version":"3.4.17","features":["layer:base","separator:root","content-list","jit","css-at-config-as-project","relative-content-paths","transpiled-configs"],"isDefaultVersion":false}},{"folder":"/root/altamedica-reboot","config":"/root/altamedica-reboot/apps/web-app/tailwind.config.ts","selectors":[{"pattern":"/root/altamedica-reboot/apps/web-app/tailwind.config.ts","priority":0},{"pattern":"/root/altamedica-reboot/apps/web-app/**","priority":3}],"user":false,"tailwind":{"version":"3.4.17","features":["layer:base","separator:root","content-list","jit","css-at-config-as-project","relative-content-paths","transpiled-configs"],"isDefaultVersion":false}}]
[Global] Preparing projects...
[Global] Adding watch patterns: /root/altamedica-reboot/apps/companies/tailwind.config.ts, /root/altamedica-reboot/apps/companies, /root/altamedica-reboot/apps, /root/altamedica-reboot
[Global] Adding watch patterns: /root/altamedica-reboot/apps/doctors/tailwind.config.ts, /root/altamedica-reboot/apps/doctors
[Global] Adding watch patterns: /root/altamedica-reboot/apps/patients/tailwind.config.ts, /root/altamedica-reboot/apps/patients
[Global] Adding watch patterns: /root/altamedica-reboot/apps/web-app/tailwind.config.ts, /root/altamedica-reboot/apps/web-app
[Global] Initializing projects...
[Global] Initialized 0 projects
